# JRE version: OpenJDK Runtime Environment (11.0.10) (build 11.0.10+0-b96-7249189)
# Java VM: OpenJDK 64-Bit Server VM (11.0.10+0-b96-7249189, mixed mode, tiered, compressed oops, g1 gc, windows-amd64)
Heap:
 garbage-first heap   total 196608K, used 68894K [0x0000000741600000, 0x0000000800000000)
  region size 1024K, 51 young (52224K), 3 survivors (3072K)
 Metaspace       used 44724K, capacity 45169K, committed 45488K, reserved 1089536K
  class space    used 5281K, capacity 5461K, committed 5552K, reserved 1048576K
GC Heap History (8 events):
Event: 0.358 GC heap before
{Heap before GC invocations=0 (full 0):
 garbage-first heap   total 196608K, used 17408K [0x0000000741600000, 0x0000000800000000)
  region size 1024K, 14 young (14336K), 0 survivors (0K)
 Metaspace       used 9970K, capacity 10088K, committed 10112K, reserved 1058816K
  class space    used 846K, capacity 894K, committed 896K, reserved 1048576K
}
Event: 0.359 GC heap after
{Heap after GC invocations=1 (full 0):
 garbage-first heap   total 196608K, used 5205K [0x0000000741600000, 0x0000000800000000)
  region size 1024K, 2 young (2048K), 2 survivors (2048K)
 Metaspace       used 9970K, capacity 10088K, committed 10112K, reserved 1058816K
  class space    used 846K, capacity 894K, committed 896K, reserved 1048576K
}
Event: 1.035 GC heap before
{Heap before GC invocations=1 (full 0):
 garbage-first heap   total 196608K, used 52309K [0x0000000741600000, 0x0000000800000000)
  region size 1024K, 49 young (50176K), 2 survivors (2048K)
 Metaspace       used 21064K, capacity 21234K, committed 21296K, reserved 1069056K
  class space    used 2226K, capacity 2312K, committed 2352K, reserved 1048576K
}
Event: 1.044 GC heap after
{Heap after GC invocations=2 (full 0):
 garbage-first heap   total 196608K, used 9469K [0x0000000741600000, 0x0000000800000000)
  region size 1024K, 7 young (7168K), 7 survivors (7168K)
 Metaspace       used 21064K, capacity 21234K, committed 21296K, reserved 1069056K
  class space    used 2226K, capacity 2312K, committed 2352K, reserved 1048576K
}
Event: 1.817 GC heap before
{Heap before GC invocations=3 (full 0):
 garbage-first heap   total 196608K, used 66813K [0x0000000741600000, 0x0000000800000000)
  region size 1024K, 57 young (58368K), 7 survivors (7168K)
 Metaspace       used 31190K, capacity 31508K, committed 31792K, reserved 1077248K
  class space    used 3483K, capacity 3613K, committed 3632K, reserved 1048576K
}
Event: 1.832 GC heap after
{Heap after GC invocations=4 (full 0):
 garbage-first heap   total 196608K, used 18452K [0x0000000741600000, 0x0000000800000000)
  region size 1024K, 7 young (7168K), 7 survivors (7168K)
 Metaspace       used 31190K, capacity 31508K, committed 31792K, reserved 1077248K
  class space    used 3483K, capacity 3613K, committed 3632K, reserved 1048576K
}
Event: 2.067 GC heap before
{Heap before GC invocations=4 (full 0):
 garbage-first heap   total 196608K, used 36884K [0x0000000741600000, 0x0000000800000000)
  region size 1024K, 26 young (26624K), 7 survivors (7168K)
 Metaspace       used 35458K, capacity 35776K, committed 35888K, reserved 1081344K
  class space    used 4211K, capacity 4352K, committed 4400K, reserved 1048576K
}
Event: 2.082 GC heap after
{Heap after GC invocations=5 (full 0):
 garbage-first heap   total 196608K, used 20766K [0x0000000741600000, 0x0000000800000000)
  region size 1024K, 3 young (3072K), 3 survivors (3072K)
 Metaspace       used 35458K, capacity 35776K, committed 35888K, reserved 1081344K
  class space    used 4211K, capacity 4352K, committed 4400K, reserved 1048576K
}

